2021-07-15T22:20:24+00:00 NOTICE sync_store :: posting data :: Array
(
    [store_post] => Array
        (
            [id] => 60f0b3b2494eb
            [is_syncing] => 
            [platform] => woocommerce
            [list_id] => d9ea17898f
            [name] => M.Recht
            [domain] => http://mrecht.wekaonline.co.nz
            [email_address] => hayden.shaw@gmail.com
            [currency_code] => USD
            [money_format] => $
            [primary_locale] => en_AU
            [timezone] => +00:00
            [phone] => 1300941941
            [address] => Array
                (
                    [address1] => 53 - 57 Cambridge Street
                    [city] => Collingwood
                    [province] => VIC
                    [postal_code] => 3066
                    [country] => AU
                    [country_code] => NZ
                    [phone] => 1300941941
                    [company] => M.Recht
                )

        )

)

2021-07-15T22:20:27+00:00 NOTICE sync_store :: posting data :: Array
(
    [store_post] => Array
        (
            [id] => 60f0b3b2494eb
            [is_syncing] => 
            [platform] => woocommerce
            [list_id] => d9ea17898f
            [name] => M.Recht
            [domain] => http://mrecht.wekaonline.co.nz
            [email_address] => hayden.shaw@gmail.com
            [currency_code] => USD
            [money_format] => $
            [primary_locale] => en_AU
            [timezone] => +00:00
            [phone] => 1300941941
            [address] => Array
                (
                    [address1] => 53 - 57 Cambridge Street
                    [city] => Collingwood
                    [province] => VIC
                    [postal_code] => 3066
                    [country] => AU
                    [country_code] => NZ
                    [phone] => 1300941941
                    [company] => M.Recht
                )

        )

)

2021-07-15T22:20:30+00:00 NOTICE sync_store :: posting data :: Array
(
    [store_post] => Array
        (
            [id] => 60f0b3b2494eb
            [is_syncing] => 
            [platform] => woocommerce
            [list_id] => d9ea17898f
            [name] => M.Recht
            [domain] => http://mrecht.wekaonline.co.nz
            [email_address] => hayden.shaw@gmail.com
            [currency_code] => USD
            [money_format] => $
            [primary_locale] => en_AU
            [timezone] => +00:00
            [phone] => 1300941941
            [address] => Array
                (
                    [address1] => 53 - 57 Cambridge Street
                    [city] => Collingwood
                    [province] => VIC
                    [postal_code] => 3066
                    [country] => AU
                    [country_code] => NZ
                    [phone] => 1300941941
                    [company] => M.Recht
                )

        )

)

2021-07-15T22:20:32+00:00 NOTICE mailchimp-woocommerce-sync.started :: Starting Sync :: Thu, Jul 15, 2021 10:20 PM
2021-07-15T22:20:33+00:00 NOTICE action_scheduler.queue_job :: MailChimp_WooCommerce_Process_Coupons queued :: page 1
2021-07-15T22:20:41+00:00 NOTICE coupon_sync.completed :: Done with the coupon queueing.
2021-07-15T22:20:41+00:00 NOTICE sync.full_sync_manager.queue :: Starting PRODUCTS queueing.
2021-07-15T22:20:41+00:00 NOTICE action_scheduler.queue_job :: MailChimp_WooCommerce_Process_Products queued :: page 1
2021-07-15T22:20:41+00:00 NOTICE action_scheduler.queue_job :: MailChimp_WooCommerce_Process_Products queued :: page 2
2021-07-15T22:20:42+00:00 NOTICE action_scheduler.queue_job :: MailChimp_WooCommerce_Single_Product queued :: obj_id 19
2021-07-15T22:20:42+00:00 NOTICE action_scheduler.queue_job :: MailChimp_WooCommerce_Single_Product queued :: obj_id 22
2021-07-15T22:20:42+00:00 NOTICE action_scheduler.queue_job :: MailChimp_WooCommerce_Single_Product queued :: obj_id 24
2021-07-15T22:20:42+00:00 NOTICE action_scheduler.queue_job :: MailChimp_WooCommerce_Single_Product queued :: obj_id 26
2021-07-15T22:20:42+00:00 NOTICE action_scheduler.queue_job :: MailChimp_WooCommerce_Single_Product queued :: obj_id 31
2021-07-15T22:20:42+00:00 NOTICE action_scheduler.queue_job :: MailChimp_WooCommerce_Single_Product queued :: obj_id 32
2021-07-15T22:20:42+00:00 NOTICE action_scheduler.queue_job :: MailChimp_WooCommerce_Single_Product queued :: obj_id 34
2021-07-15T22:20:42+00:00 NOTICE action_scheduler.queue_job :: MailChimp_WooCommerce_Single_Product queued :: obj_id 38
2021-07-15T22:20:42+00:00 NOTICE action_scheduler.queue_job :: MailChimp_WooCommerce_Single_Product queued :: obj_id 44
2021-07-15T22:20:43+00:00 NOTICE action_scheduler.queue_job :: MailChimp_WooCommerce_Single_Product queued :: obj_id 46
2021-07-15T22:20:43+00:00 NOTICE action_scheduler.queue_job :: MailChimp_WooCommerce_Single_Product queued :: obj_id 48
2021-07-15T22:20:43+00:00 NOTICE action_scheduler.queue_job :: MailChimp_WooCommerce_Single_Product queued :: obj_id 50
2021-07-15T22:20:43+00:00 NOTICE action_scheduler.queue_job :: MailChimp_WooCommerce_Single_Product queued :: obj_id 52
2021-07-15T22:20:43+00:00 NOTICE action_scheduler.queue_job :: MailChimp_WooCommerce_Single_Product queued :: obj_id 54
2021-07-15T22:20:43+00:00 NOTICE action_scheduler.queue_job :: MailChimp_WooCommerce_Single_Product queued :: obj_id 297
2021-07-15T22:20:45+00:00 NOTICE product_sync.completed :: Done with the product queuing
2021-07-15T22:20:46+00:00 NOTICE product_submit.success :: addStoreProduct :: #19
2021-07-15T22:20:47+00:00 NOTICE product_submit.success :: addStoreProduct :: #22
2021-07-15T22:20:48+00:00 NOTICE product_submit.success :: addStoreProduct :: #24
2021-07-15T22:20:49+00:00 NOTICE product_submit.success :: addStoreProduct :: #26
2021-07-15T22:20:50+00:00 NOTICE product_submit.success :: addStoreProduct :: #31
2021-07-15T22:20:51+00:00 NOTICE product_submit.success :: addStoreProduct :: #32
2021-07-15T22:20:53+00:00 NOTICE product_submit.success :: addStoreProduct :: #34
2021-07-15T22:20:54+00:00 NOTICE product_submit.success :: addStoreProduct :: #38
2021-07-15T22:20:55+00:00 NOTICE product_submit.success :: addStoreProduct :: #44
2021-07-15T22:20:56+00:00 NOTICE product_submit.success :: addStoreProduct :: #46
2021-07-15T22:20:57+00:00 NOTICE product_submit.success :: addStoreProduct :: #48
2021-07-15T22:20:58+00:00 NOTICE product_submit.success :: addStoreProduct :: #50
2021-07-15T22:20:59+00:00 NOTICE product_submit.success :: addStoreProduct :: #52
2021-07-15T22:21:00+00:00 NOTICE product_submit.success :: addStoreProduct :: #54
2021-07-15T22:21:04+00:00 NOTICE product_submit.success :: addStoreProduct :: #297
2021-07-15T22:21:04+00:00 NOTICE action_scheduler.queue_job :: MailChimp_WooCommerce_Process_Orders queued :: page 1
2021-07-15T22:21:07+00:00 NOTICE order_sync.completed :: Done with the order queueing.
2021-07-15T22:21:35+00:00 NOTICE sync.completed :: Finished Sync :: Thu, Jul 15, 2021 10:21 PM (total time: 00:01:03)
